<?xml version="1.0" encoding="UTF-8"?>
<testng-results skipped="35" failed="1" total="37" passed="1">
  <reporter-output>
  </reporter-output>
  <suite name="Command line suite" duration-ms="30171" started-at="2013-02-14T12:17:28Z" finished-at="2013-02-14T12:17:58Z">
    <groups>
    </groups>
    <test name="Command line test" duration-ms="30171" started-at="2013-02-14T12:17:28Z" finished-at="2013-02-14T12:17:58Z">
      <class name="com.qait.cxp.maintest.ALaunchActivityPageTest">
        <test-method status="PASS" signature="startBrowser()" name="startBrowser" is-config="true" duration-ms="17203" started-at="2013-02-14T12:17:28Z" finished-at="2013-02-14T12:17:45Z">
        </test-method>
        <test-method status="FAIL" signature="verify_Select_Xml_and_Load()" name="verify_Select_Xml_and_Load" duration-ms="15" started-at="2013-02-14T12:17:45Z" finished-at="2013-02-14T12:17:45Z">
          <exception class="java.lang.NullPointerException">
            <full-stacktrace>
              <![CDATA[java.lang.NullPointerException
	at com.qait.cxp.dataprovider.CxpDataProvider.getXmlFromFile(CxpDataProvider.java:58)
	at com.qait.cxp.maintest.ALaunchActivityPageTest.fetch_Xml_To_Load(ALaunchActivityPageTest.java:26)
	at com.qait.cxp.maintest.ALaunchActivityPageTest.verify_Select_Xml_and_Load(ALaunchActivityPageTest.java:31)
	at sun.reflect.NativeMethodAccessorImpl.invoke0(Native Method)
	at sun.reflect.NativeMethodAccessorImpl.invoke(NativeMethodAccessorImpl.java:57)
	at sun.reflect.DelegatingMethodAccessorImpl.invoke(DelegatingMethodAccessorImpl.java:43)
	at java.lang.reflect.Method.invoke(Method.java:601)
	at org.testng.internal.MethodInvocationHelper.invokeMethod(MethodInvocationHelper.java:80)
	at org.testng.internal.Invoker.invokeMethod(Invoker.java:673)
	at org.testng.internal.Invoker.invokeTestMethod(Invoker.java:842)
	at org.testng.internal.Invoker.invokeTestMethods(Invoker.java:1166)
	at org.testng.internal.TestMethodWorker.invokeTestMethods(TestMethodWorker.java:125)
	at org.testng.internal.TestMethodWorker.run(TestMethodWorker.java:109)
	at org.testng.TestRunner.runWorkers(TestRunner.java:1178)
	at org.testng.TestRunner.privateRun(TestRunner.java:757)
	at org.testng.TestRunner.run(TestRunner.java:608)
	at org.testng.SuiteRunner.runTest(SuiteRunner.java:334)
	at org.testng.SuiteRunner.runSequentially(SuiteRunner.java:329)
	at org.testng.SuiteRunner.privateRun(SuiteRunner.java:291)
	at org.testng.SuiteRunner.run(SuiteRunner.java:240)
	at org.testng.SuiteRunnerWorker.runSuite(SuiteRunnerWorker.java:52)
	at org.testng.SuiteRunnerWorker.run(SuiteRunnerWorker.java:86)
	at org.testng.TestNG.runSuitesSequentially(TestNG.java:1158)
	at org.testng.TestNG.runSuitesLocally(TestNG.java:1083)
	at org.testng.TestNG.run(TestNG.java:999)
	at org.apache.maven.surefire.testng.TestNGExecutor.run(TestNGExecutor.java:70)
	at org.apache.maven.surefire.testng.TestNGDirectoryTestSuite.executeMulti(TestNGDirectoryTestSuite.java:158)
	at org.apache.maven.surefire.testng.TestNGDirectoryTestSuite.execute(TestNGDirectoryTestSuite.java:98)
	at org.apache.maven.surefire.testng.TestNGProvider.invoke(TestNGProvider.java:111)
	at sun.reflect.NativeMethodAccessorImpl.invoke0(Native Method)
	at sun.reflect.NativeMethodAccessorImpl.invoke(NativeMethodAccessorImpl.java:57)
	at sun.reflect.DelegatingMethodAccessorImpl.invoke(DelegatingMethodAccessorImpl.java:43)
	at java.lang.reflect.Method.invoke(Method.java:601)
	at org.apache.maven.surefire.util.ReflectionUtils.invokeMethodWithArray(ReflectionUtils.java:164)
	at org.apache.maven.surefire.booter.ProviderFactory$ProviderProxy.invoke(ProviderFactory.java:110)
	at org.apache.maven.surefire.booter.SurefireStarter.invokeProvider(SurefireStarter.java:175)
	at org.apache.maven.surefire.booter.SurefireStarter.runSuitesInProcessWhenForked(SurefireStarter.java:107)
	at org.apache.maven.surefire.booter.ForkedBooter.main(ForkedBooter.java:68)
]]>
            </full-stacktrace>
          </exception>
        </test-method>
        <test-method status="PASS" signature="verifyActivityPageHeader()" name="verifyActivityPageHeader" duration-ms="78" started-at="2013-02-14T12:17:45Z" finished-at="2013-02-14T12:17:45Z">
        </test-method>
        <test-method status="SKIP" signature="verify_Take_Assignment()" name="verify_Take_Assignment" duration-ms="0" started-at="2013-02-14T12:17:45Z" depends-on-methods="com.qait.cxp.maintest.ALaunchActivityPageTest.verify_Select_Xml_and_Load" finished-at="2013-02-14T12:17:45Z">
        </test-method>
      </class>
      <class name="com.qait.cxp.maintest.BSimpleTestContentLaunchTest">
        <test-method status="FAIL" signature="verifySimpleTestContentPageHeader()" name="verifySimpleTestContentPageHeader" is-config="true" duration-ms="0" started-at="2013-02-14T12:17:45Z" finished-at="2013-02-14T12:17:45Z">
          <exception class="org.openqa.selenium.remote.UnreachableBrowserException">
            <message>
              <![CDATA[Error communicating with the remote browser. It may have died.
Build info: version: '2.28.0', revision: '18309', time: '2012-12-11 15:53:30'
System info: os.name: 'Windows XP', os.arch: 'x86', os.version: '5.1', java.version: '1.7.0_05'
Driver info: driver.version: RemoteWebDriver]]>
            </message>
            <full-stacktrace>
              <![CDATA[org.openqa.selenium.remote.UnreachableBrowserException: Error communicating with the remote browser. It may have died.
Build info: version: '2.28.0', revision: '18309', time: '2012-12-11 15:53:30'
System info: os.name: 'Windows XP', os.arch: 'x86', os.version: '5.1', java.version: '1.7.0_05'
Driver info: driver.version: RemoteWebDriver
	at org.openqa.selenium.remote.RemoteWebDriver.execute(RemoteWebDriver.java:527)
	at org.openqa.selenium.remote.RemoteWebDriver.findElement(RemoteWebDriver.java:302)
	at org.openqa.selenium.remote.RemoteWebDriver.findElementByCssSelector(RemoteWebDriver.java:379)
	at org.openqa.selenium.By$ByCssSelector.findElement(By.java:406)
	at org.openqa.selenium.remote.RemoteWebDriver.findElement(RemoteWebDriver.java:294)
	at org.openqa.selenium.support.pagefactory.DefaultElementLocator.findElement(DefaultElementLocator.java:59)
	at org.openqa.selenium.support.pagefactory.AjaxElementLocator.access$001(AjaxElementLocator.java:37)
	at org.openqa.selenium.support.pagefactory.AjaxElementLocator$SlowLoadingElement.isLoaded(AjaxElementLocator.java:122)
	at org.openqa.selenium.support.ui.SlowLoadableComponent.get(SlowLoadableComponent.java:59)
	at org.openqa.selenium.support.pagefactory.AjaxElementLocator.findElement(AjaxElementLocator.java:67)
	at org.openqa.selenium.support.pagefactory.internal.LocatingElementHandler.invoke(LocatingElementHandler.java:34)
	at $Proxy7.getText(Unknown Source)
	at com.qait.cxp.keywords.BSimpleTestActivityKeywords.verifySimpleTestContentPageHeader(BSimpleTestActivityKeywords.java:18)
	at com.qait.cxp.maintest.BSimpleTestContentLaunchTest.verifySimpleTestContentPageHeader(BSimpleTestContentLaunchTest.java:21)
	at sun.reflect.NativeMethodAccessorImpl.invoke0(Native Method)
	at sun.reflect.NativeMethodAccessorImpl.invoke(NativeMethodAccessorImpl.java:57)
	at sun.reflect.DelegatingMethodAccessorImpl.invoke(DelegatingMethodAccessorImpl.java:43)
	at java.lang.reflect.Method.invoke(Method.java:601)
	at org.testng.internal.MethodInvocationHelper.invokeMethod(MethodInvocationHelper.java:80)
	at org.testng.internal.Invoker.invokeConfigurationMethod(Invoker.java:525)
	at org.testng.internal.Invoker.invokeConfigurations(Invoker.java:202)
	at org.testng.internal.Invoker.invokeConfigurations(Invoker.java:130)
	at org.testng.internal.TestMethodWorker.invokeBeforeClassMethods(TestMethodWorker.java:173)
	at org.testng.internal.TestMethodWorker.run(TestMethodWorker.java:105)
	at org.testng.TestRunner.runWorkers(TestRunner.java:1178)
	at org.testng.TestRunner.privateRun(TestRunner.java:757)
	at org.testng.TestRunner.run(TestRunner.java:608)
	at org.testng.SuiteRunner.runTest(SuiteRunner.java:334)
	at org.testng.SuiteRunner.runSequentially(SuiteRunner.java:329)
	at org.testng.SuiteRunner.privateRun(SuiteRunner.java:291)
	at org.testng.SuiteRunner.run(SuiteRunner.java:240)
	at org.testng.SuiteRunnerWorker.runSuite(SuiteRunnerWorker.java:52)
	at org.testng.SuiteRunnerWorker.run(SuiteRunnerWorker.java:86)
	at org.testng.TestNG.runSuitesSequentially(TestNG.java:1158)
	at org.testng.TestNG.runSuitesLocally(TestNG.java:1083)
	at org.testng.TestNG.run(TestNG.java:999)
	at org.apache.maven.surefire.testng.TestNGExecutor.run(TestNGExecutor.java:70)
	at org.apache.maven.surefire.testng.TestNGDirectoryTestSuite.executeMulti(TestNGDirectoryTestSuite.java:158)
	at org.apache.maven.surefire.testng.TestNGDirectoryTestSuite.execute(TestNGDirectoryTestSuite.java:98)
	at org.apache.maven.surefire.testng.TestNGProvider.invoke(TestNGProvider.java:111)
	at sun.reflect.NativeMethodAccessorImpl.invoke0(Native Method)
	at sun.reflect.NativeMethodAccessorImpl.invoke(NativeMethodAccessorImpl.java:57)
	at sun.reflect.DelegatingMethodAccessorImpl.invoke(DelegatingMethodAccessorImpl.java:43)
	at java.lang.reflect.Method.invoke(Method.java:601)
	at org.apache.maven.surefire.util.ReflectionUtils.invokeMethodWithArray(ReflectionUtils.java:164)
	at org.apache.maven.surefire.booter.ProviderFactory$ProviderProxy.invoke(ProviderFactory.java:110)
	at org.apache.maven.surefire.booter.SurefireStarter.invokeProvider(SurefireStarter.java:175)
	at org.apache.maven.surefire.booter.SurefireStarter.runSuitesInProcessWhenForked(SurefireStarter.java:107)
	at org.apache.maven.surefire.booter.ForkedBooter.main(ForkedBooter.java:68)
Caused by: org.apache.http.conn.HttpHostConnectException: Connection to http://localhost:7055 refused
	at org.apache.http.impl.conn.DefaultClientConnectionOperator.openConnection(DefaultClientConnectionOperator.java:190)
	at org.apache.http.impl.conn.AbstractPoolEntry.open(AbstractPoolEntry.java:151)
	at org.apache.http.impl.conn.AbstractPooledConnAdapter.open(AbstractPooledConnAdapter.java:125)
	at org.apache.http.impl.client.DefaultRequestDirector.tryConnect(DefaultRequestDirector.java:640)
	at org.apache.http.impl.client.DefaultRequestDirector.execute(DefaultRequestDirector.java:479)
	at org.apache.http.impl.client.AbstractHttpClient.execute(AbstractHttpClient.java:906)
	at org.openqa.selenium.remote.HttpCommandExecutor.fallBackExecute(HttpCommandExecutor.java:331)
	at org.openqa.selenium.remote.HttpCommandExecutor.execute(HttpCommandExecutor.java:310)
	at org.openqa.selenium.firefox.internal.NewProfileExtensionConnection.execute(NewProfileExtensionConnection.java:133)
	at org.openqa.selenium.firefox.FirefoxDriver$LazyCommandExecutor.execute(FirefoxDriver.java:355)
	at org.openqa.selenium.remote.RemoteWebDriver.execute(RemoteWebDriver.java:506)
	... 48 more
Caused by: java.net.ConnectException: Connection refused: connect
	at java.net.TwoStacksPlainSocketImpl.socketConnect(Native Method)
	at java.net.AbstractPlainSocketImpl.doConnect(AbstractPlainSocketImpl.java:339)
	at java.net.AbstractPlainSocketImpl.connectToAddress(AbstractPlainSocketImpl.java:200)
	at java.net.AbstractPlainSocketImpl.connect(AbstractPlainSocketImpl.java:182)
	at java.net.PlainSocketImpl.connect(PlainSocketImpl.java:157)
	at java.net.SocksSocketImpl.connect(SocksSocketImpl.java:391)
	at java.net.Socket.connect(Socket.java:579)
	at org.apache.http.conn.scheme.PlainSocketFactory.connectSocket(PlainSocketFactory.java:127)
	at org.apache.http.impl.conn.DefaultClientConnectionOperator.openConnection(DefaultClientConnectionOperator.java:180)
	... 58 more
]]>
            </full-stacktrace>
          </exception>
        </test-method>
        <test-method status="SKIP" signature="verifyClickingOnTryAnotherVersionReloadsFITBItem()" name="verifyClickingOnTryAnotherVersionReloadsFITBItem" duration-ms="0" started-at="2013-02-14T12:17:58Z" finished-at="2013-02-14T12:17:58Z">
        </test-method>
        <test-method status="SKIP" signature="verifyTryAnotherVersionButtonOnMultipleChoiceItemAfterSubmitIsActive()" name="verifyTryAnotherVersionButtonOnMultipleChoiceItemAfterSubmitIsActive" duration-ms="0" started-at="2013-02-14T12:17:58Z" finished-at="2013-02-14T12:17:58Z">
        </test-method>
        <test-method status="SKIP" signature="verifyShowHintButtonIsEnabled()" name="verifyShowHintButtonIsEnabled" duration-ms="0" started-at="2013-02-14T12:17:58Z" finished-at="2013-02-14T12:17:58Z">
        </test-method>
        <test-method status="SKIP" signature="verifySubmitAnswerButtonOnMultipleChoiceItemBeforeSubmitIsActive()" name="verifySubmitAnswerButtonOnMultipleChoiceItemBeforeSubmitIsActive" duration-ms="0" started-at="2013-02-14T12:17:58Z" finished-at="2013-02-14T12:17:58Z">
        </test-method>
        <test-method status="SKIP" signature="verifySubmitAnswerButtonOnFITBItemAfterSubmitIsInactive()" name="verifySubmitAnswerButtonOnFITBItemAfterSubmitIsInactive" duration-ms="0" started-at="2013-02-14T12:17:58Z" finished-at="2013-02-14T12:17:58Z">
        </test-method>
        <test-method status="SKIP" signature="verifySubmittingCorrectAnswerForMultipleChoiceShowsShowsCorrectRejoinder()" name="verifySubmittingCorrectAnswerForMultipleChoiceShowsShowsCorrectRejoinder" duration-ms="0" started-at="2013-02-14T12:17:58Z" finished-at="2013-02-14T12:17:58Z">
        </test-method>
        <test-method status="SKIP" signature="verifyNextLinkOnMultipleChoiceItemBeforeSubmitIsActive()" name="verifyNextLinkOnMultipleChoiceItemBeforeSubmitIsActive" duration-ms="0" started-at="2013-02-14T12:17:58Z" finished-at="2013-02-14T12:17:58Z">
        </test-method>
        <test-method status="SKIP" signature="verifyTryAnotherButtonOnMultipleChoiceItemBeforeSubmitIsInactive()" name="verifyTryAnotherButtonOnMultipleChoiceItemBeforeSubmitIsInactive" duration-ms="0" started-at="2013-02-14T12:17:58Z" finished-at="2013-02-14T12:17:58Z">
        </test-method>
        <test-method status="SKIP" signature="verifyTryAnotherButtonOnMultipleChoiceItemAfterSubmitAndReloadIsInactive()" name="verifyTryAnotherButtonOnMultipleChoiceItemAfterSubmitAndReloadIsInactive" duration-ms="0" started-at="2013-02-14T12:17:58Z" finished-at="2013-02-14T12:17:58Z">
        </test-method>
        <test-method status="SKIP" signature="verifyClickingOnReferencesShowsReferencesPage()" name="verifyClickingOnReferencesShowsReferencesPage" duration-ms="0" started-at="2013-02-14T12:17:58Z" finished-at="2013-02-14T12:17:58Z">
        </test-method>
        <test-method status="SKIP" signature="verifyClickOnHideHint()" name="verifyClickOnHideHint" duration-ms="0" started-at="2013-02-14T12:17:58Z" finished-at="2013-02-14T12:17:58Z">
        </test-method>
        <test-method status="SKIP" signature="verifyNextLinkOnMultipleChoiceItemAfterSubmitIsActive()" name="verifyNextLinkOnMultipleChoiceItemAfterSubmitIsActive" duration-ms="0" started-at="2013-02-14T12:17:58Z" finished-at="2013-02-14T12:17:58Z">
        </test-method>
        <test-method status="SKIP" signature="verifyReviewTopicsAppear()" name="verifyReviewTopicsAppear" duration-ms="0" started-at="2013-02-14T12:17:58Z" finished-at="2013-02-14T12:17:58Z">
        </test-method>
        <test-method status="SKIP" signature="verifyMultipleChoiceItemIsLoaded()" name="verifyMultipleChoiceItemIsLoaded" duration-ms="0" started-at="2013-02-14T12:17:58Z" finished-at="2013-02-14T12:17:58Z">
        </test-method>
        <test-method status="SKIP" signature="verifySubmitAnswerButtonOnMultipleChoiceAfterSubmitAndReloadIsActive()" name="verifySubmitAnswerButtonOnMultipleChoiceAfterSubmitAndReloadIsActive" duration-ms="0" started-at="2013-02-14T12:17:58Z" finished-at="2013-02-14T12:17:58Z">
        </test-method>
        <test-method status="SKIP" signature="tearDown()" name="tearDown" is-config="true" duration-ms="0" started-at="2013-02-14T12:17:58Z" finished-at="2013-02-14T12:17:58Z">
        </test-method>
        <test-method status="SKIP" signature="verifyNextLinkOnFITBItemAfterSubmitIsActive()" name="verifyNextLinkOnFITBItemAfterSubmitIsActive" duration-ms="0" started-at="2013-02-14T12:17:58Z" finished-at="2013-02-14T12:17:58Z">
        </test-method>
        <test-method status="SKIP" signature="verifyTryAnotherButtonOnFITBItemAfterSubmitAndReloadIsInactive()" name="verifyTryAnotherButtonOnFITBItemAfterSubmitAndReloadIsInactive" duration-ms="0" started-at="2013-02-14T12:17:58Z" finished-at="2013-02-14T12:17:58Z">
        </test-method>
        <test-method status="SKIP" signature="verifyClickOnReferencesButtonShowsReferencesList()" name="verifyClickOnReferencesButtonShowsReferencesList" duration-ms="0" started-at="2013-02-14T12:17:58Z" finished-at="2013-02-14T12:17:58Z">
        </test-method>
        <test-method status="SKIP" signature="verifySubmitAnswerButtonOnFITBItemAfterSubmitAndReloadIsActive()" name="verifySubmitAnswerButtonOnFITBItemAfterSubmitAndReloadIsActive" duration-ms="0" started-at="2013-02-14T12:17:58Z" finished-at="2013-02-14T12:17:58Z">
        </test-method>
        <test-method status="SKIP" signature="verifyClickingOnReviewTopicShowsReviewTopicPage()" name="verifyClickingOnReviewTopicShowsReviewTopicPage" duration-ms="0" started-at="2013-02-14T12:17:58Z" finished-at="2013-02-14T12:17:58Z">
        </test-method>
        <test-method status="SKIP" signature="verifyClosingReferencesPage()" name="verifyClosingReferencesPage" duration-ms="0" started-at="2013-02-14T12:17:58Z" finished-at="2013-02-14T12:17:58Z">
        </test-method>
        <test-method status="SKIP" signature="verifyClickingOnShowHintButtonShowsHint()" name="verifyClickingOnShowHintButtonShowsHint" duration-ms="0" started-at="2013-02-14T12:17:58Z" finished-at="2013-02-14T12:17:58Z">
        </test-method>
        <test-method status="SKIP" signature="verifyTryAnotherVersionButtonOnFITBItemAfterSubmitIsActive()" name="verifyTryAnotherVersionButtonOnFITBItemAfterSubmitIsActive" duration-ms="0" started-at="2013-02-14T12:17:58Z" finished-at="2013-02-14T12:17:58Z">
        </test-method>
        <test-method status="SKIP" signature="verifyReviewTopicButtonIsEnabled()" name="verifyReviewTopicButtonIsEnabled" duration-ms="0" started-at="2013-02-14T12:17:58Z" finished-at="2013-02-14T12:17:58Z">
        </test-method>
        <test-method status="SKIP" signature="verifySubmittingIncorrectAnswerForMultipleChoiceShowsIncorrectRejoinder()" name="verifySubmittingIncorrectAnswerForMultipleChoiceShowsIncorrectRejoinder" duration-ms="0" started-at="2013-02-14T12:17:58Z" finished-at="2013-02-14T12:17:58Z">
        </test-method>
        <test-method status="SKIP" signature="verifySubmittingCorrectAnswerForFITBShowsCorrectRejoinder()" name="verifySubmittingCorrectAnswerForFITBShowsCorrectRejoinder" duration-ms="0" started-at="2013-02-14T12:17:58Z" finished-at="2013-02-14T12:17:58Z">
        </test-method>
        <test-method status="SKIP" signature="verifyClickingOnTryAnotherVersionReloadsMultipleChoiceItem()" name="verifyClickingOnTryAnotherVersionReloadsMultipleChoiceItem" duration-ms="0" started-at="2013-02-14T12:17:58Z" finished-at="2013-02-14T12:17:58Z">
        </test-method>
        <test-method status="SKIP" signature="verifySubmitAnswerButtonOnMultipleChoiceItemAfterSubmitIsInactive()" name="verifySubmitAnswerButtonOnMultipleChoiceItemAfterSubmitIsInactive" duration-ms="0" started-at="2013-02-14T12:17:58Z" finished-at="2013-02-14T12:17:58Z">
        </test-method>
        <test-method status="SKIP" signature="verifyCloseReviewTopics()" name="verifyCloseReviewTopics" duration-ms="0" started-at="2013-02-14T12:17:58Z" finished-at="2013-02-14T12:17:58Z">
        </test-method>
        <test-method status="SKIP" signature="verifyClickOnReviewTopicButton()" name="verifyClickOnReviewTopicButton" duration-ms="0" started-at="2013-02-14T12:17:58Z" finished-at="2013-02-14T12:17:58Z">
        </test-method>
        <test-method status="SKIP" signature="verifySubmitAnswerButtonOnMultipleChoiceItemAfterSubmitReloadAndSubmitIsInactive()" name="verifySubmitAnswerButtonOnMultipleChoiceItemAfterSubmitReloadAndSubmitIsInactive" duration-ms="0" started-at="2013-02-14T12:17:58Z" finished-at="2013-02-14T12:17:58Z">
        </test-method>
        <test-method status="SKIP" signature="verifyClikingOnNextLinkLoadsNextFITBItem()" name="verifyClikingOnNextLinkLoadsNextFITBItem" duration-ms="0" started-at="2013-02-14T12:17:58Z" finished-at="2013-02-14T12:17:58Z">
        </test-method>
        <test-method status="SKIP" signature="verifySubmitAnswerButtonOnFITBItemAfterSubmitReloadAndSubmitIsInactive()" name="verifySubmitAnswerButtonOnFITBItemAfterSubmitReloadAndSubmitIsInactive" duration-ms="0" started-at="2013-02-14T12:17:58Z" finished-at="2013-02-14T12:17:58Z">
        </test-method>
        <test-method status="SKIP" signature="verifyTryAnotherVersionButtonOnFITBItemAfterSubmitReloadAndSubmitIsActive()" name="verifyTryAnotherVersionButtonOnFITBItemAfterSubmitReloadAndSubmitIsActive" duration-ms="0" started-at="2013-02-14T12:17:58Z" finished-at="2013-02-14T12:17:58Z">
        </test-method>
      </class>
    </test>
  </suite>
</testng-results>
